<?xml version="1.0" encoding="UTF-8"?>
<!-- Generated by org.testng.reporters.JUnitXMLReporter -->
<testsuite ignored="0" hostname="PRO-CALVI-RAJESHM" failures="0" tests="2" name="Default test" time="0.031" errors="0" timestamp="21 Feb 2018 13:23:20 GMT">
  <testcase classname="com.driessen.Application.Driessen.Application.Annotations" name="testsetup1" time="0.005"/>
  <testcase classname="com.driessen.Application.Driessen.Application.Annotations" name="testsetup2" time="0.001"/>
</testsuite> <!-- Default test -->
