<?xml version="1.0" encoding="UTF-8"?>
<testng-results ignored="0" total="1" passed="1" failed="0" skipped="0">
  <reporter-output>
  </reporter-output>
  <suite started-at="2018-08-17T11:57:10Z" name="Default suite" finished-at="2018-08-17T11:57:26Z" duration-ms="16430">
    <groups>
    </groups>
    <test started-at="2018-08-17T11:57:10Z" name="Default test" finished-at="2018-08-17T11:57:26Z" duration-ms="16430">
      <class name="com.driessen.Application.Test.AlertHandling">
        <test-method signature="testAlert()[pri:0, instance:com.driessen.Application.Test.AlertHandling@3571b748]" started-at="2018-08-17T17:27:10Z" name="testAlert" finished-at="2018-08-17T17:27:26Z" duration-ms="16409" status="PASS">
          <reporter-output>
          </reporter-output>
        </test-method> <!-- testAlert -->
      </class> <!-- com.driessen.Application.Test.AlertHandling -->
    </test> <!-- Default test -->
  </suite> <!-- Default suite -->
</testng-results>
