<?xml version="1.0" encoding="UTF-8"?>
<!-- Generated by org.testng.reporters.JUnitXMLReporter -->
<testsuite ignored="1" hostname="PRO-CALVI-RAJESHM" failures="0" tests="2" name="Test" time="0.038" errors="0" timestamp="21 Feb 2018 12:57:03 GMT">
  <testcase classname="com.driessen.Application.Driessen.Application.Annotations" name="testsetup" time="0.009"/>
  <testcase classname="com.driessen.Application.Driessen.Application.Annotations" name="testsetup2" time="0.001"/>
  <testcase classname="com.driessen.Application.Driessen.Application.Annotations" name="testsetup1" time="0.0">
    <ignored/>
  </testcase> <!-- testsetup1 -->
</testsuite> <!-- Test -->
